==1415== Memcheck, a memory error detector
==1415== Copyright (C) 2002-2017, and GNU GPL'd, by Julian Seward et al.
==1415== Using Valgrind-3.18.1 and LibVEX; rerun with -h for copyright info
==1415== Command: build/memcheck/bin/insert_test
==1415== 
==1415== 
==1415== HEAP SUMMARY:
==1415==     in use at exit: 0 bytes in 0 blocks
==1415==   total heap usage: 161 allocs, 161 frees, 95,616 bytes allocated
==1415== 
==1415== All heap blocks were freed -- no leaks are possible
==1415== 
==1415== For lists of detected and suppressed errors, rerun with: -s
==1415== ERROR SUMMARY: 0 errors from 0 contexts (suppressed: 0 from 0)
 
==1440== Memcheck, a memory error detector
==1440== Copyright (C) 2002-2017, and GNU GPL'd, by Julian Seward et al.
==1440== Using Valgrind-3.18.1 and LibVEX; rerun with -h for copyright info
==1440== Command: build/memcheck/bin/memchr_test
==1440== 
==1440== 
==1440== HEAP SUMMARY:
==1440==     in use at exit: 0 bytes in 0 blocks
==1440==   total heap usage: 88 allocs, 88 frees, 42,255 bytes allocated
==1440== 
==1440== All heap blocks were freed -- no leaks are possible
==1440== 
==1440== For lists of detected and suppressed errors, rerun with: -s
==1440== ERROR SUMMARY: 0 errors from 0 contexts (suppressed: 0 from 0)
 
==1465== Memcheck, a memory error detector
==1465== Copyright (C) 2002-2017, and GNU GPL'd, by Julian Seward et al.
==1465== Using Valgrind-3.18.1 and LibVEX; rerun with -h for copyright info
==1465== Command: build/memcheck/bin/memcmp_test
==1465== 
==1465== 
==1465== HEAP SUMMARY:
==1465==     in use at exit: 0 bytes in 0 blocks
==1465==   total heap usage: 124 allocs, 124 frees, 68,977 bytes allocated
==1465== 
==1465== All heap blocks were freed -- no leaks are possible
==1465== 
==1465== For lists of detected and suppressed errors, rerun with: -s
==1465== ERROR SUMMARY: 0 errors from 0 contexts (suppressed: 0 from 0)
 
==1490== Memcheck, a memory error detector
==1490== Copyright (C) 2002-2017, and GNU GPL'd, by Julian Seward et al.
==1490== Using Valgrind-3.18.1 and LibVEX; rerun with -h for copyright info
==1490== Command: build/memcheck/bin/memcpy_test
==1490== 
==1490== 
==1490== HEAP SUMMARY:
==1490==     in use at exit: 0 bytes in 0 blocks
==1490==   total heap usage: 141 allocs, 141 frees, 82,274 bytes allocated
==1490== 
==1490== All heap blocks were freed -- no leaks are possible
==1490== 
==1490== For lists of detected and suppressed errors, rerun with: -s
==1490== ERROR SUMMARY: 0 errors from 0 contexts (suppressed: 0 from 0)
 
==1515== Memcheck, a memory error detector
==1515== Copyright (C) 2002-2017, and GNU GPL'd, by Julian Seward et al.
==1515== Using Valgrind-3.18.1 and LibVEX; rerun with -h for copyright info
==1515== Command: build/memcheck/bin/memmove_test
==1515== 
==1515== 
==1515== HEAP SUMMARY:
==1515==     in use at exit: 0 bytes in 0 blocks
==1515==   total heap usage: 199 allocs, 199 frees, 122,524 bytes allocated
==1515== 
==1515== All heap blocks were freed -- no leaks are possible
==1515== 
==1515== For lists of detected and suppressed errors, rerun with: -s
==1515== ERROR SUMMARY: 0 errors from 0 contexts (suppressed: 0 from 0)
 
==1540== Memcheck, a memory error detector
==1540== Copyright (C) 2002-2017, and GNU GPL'd, by Julian Seward et al.
==1540== Using Valgrind-3.18.1 and LibVEX; rerun with -h for copyright info
==1540== Command: build/memcheck/bin/memset_test
==1540== 
==1540== 
==1540== HEAP SUMMARY:
==1540==     in use at exit: 0 bytes in 0 blocks
==1540==   total heap usage: 88 allocs, 88 frees, 42,255 bytes allocated
==1540== 
==1540== All heap blocks were freed -- no leaks are possible
==1540== 
==1540== For lists of detected and suppressed errors, rerun with: -s
==1540== ERROR SUMMARY: 0 errors from 0 contexts (suppressed: 0 from 0)
 
==1565== Memcheck, a memory error detector
==1565== Copyright (C) 2002-2017, and GNU GPL'd, by Julian Seward et al.
==1565== Using Valgrind-3.18.1 and LibVEX; rerun with -h for copyright info
==1565== Command: build/memcheck/bin/sprintf_test
==1565== 
==1565== 
==1565== HEAP SUMMARY:
==1565==     in use at exit: 0 bytes in 0 blocks
==1565==   total heap usage: 3,926 allocs, 3,926 frees, 2,332,935 bytes allocated
==1565== 
==1565== All heap blocks were freed -- no leaks are possible
==1565== 
==1565== For lists of detected and suppressed errors, rerun with: -s
==1565== ERROR SUMMARY: 0 errors from 0 contexts (suppressed: 0 from 0)
 
==1590== Memcheck, a memory error detector
==1590== Copyright (C) 2002-2017, and GNU GPL'd, by Julian Seward et al.
==1590== Using Valgrind-3.18.1 and LibVEX; rerun with -h for copyright info
==1590== Command: build/memcheck/bin/sscanf_test
==1590== 
==1590== 
==1590== HEAP SUMMARY:
==1590==     in use at exit: 0 bytes in 0 blocks
==1590==   total heap usage: 1,548 allocs, 1,548 frees, 1,124,352 bytes allocated
==1590== 
==1590== All heap blocks were freed -- no leaks are possible
==1590== 
==1590== For lists of detected and suppressed errors, rerun with: -s
==1590== ERROR SUMMARY: 0 errors from 0 contexts (suppressed: 0 from 0)
 
==1615== Memcheck, a memory error detector
==1615== Copyright (C) 2002-2017, and GNU GPL'd, by Julian Seward et al.
==1615== Using Valgrind-3.18.1 and LibVEX; rerun with -h for copyright info
==1615== Command: build/memcheck/bin/strcat_test
==1615== 
==1615== 
==1615== HEAP SUMMARY:
==1615==     in use at exit: 0 bytes in 0 blocks
==1615==   total heap usage: 69 allocs, 69 frees, 28,894 bytes allocated
==1615== 
==1615== All heap blocks were freed -- no leaks are possible
==1615== 
==1615== For lists of detected and suppressed errors, rerun with: -s
==1615== ERROR SUMMARY: 0 errors from 0 contexts (suppressed: 0 from 0)
 
==1640== Memcheck, a memory error detector
==1640== Copyright (C) 2002-2017, and GNU GPL'd, by Julian Seward et al.
==1640== Using Valgrind-3.18.1 and LibVEX; rerun with -h for copyright info
==1640== Command: build/memcheck/bin/strchr_test
==1640== 
==1640== 
==1640== HEAP SUMMARY:
==1640==     in use at exit: 0 bytes in 0 blocks
==1640==   total heap usage: 88 allocs, 88 frees, 42,255 bytes allocated
==1640== 
==1640== All heap blocks were freed -- no leaks are possible
==1640== 
==1640== For lists of detected and suppressed errors, rerun with: -s
==1640== ERROR SUMMARY: 0 errors from 0 contexts (suppressed: 0 from 0)
 
==1665== Memcheck, a memory error detector
==1665== Copyright (C) 2002-2017, and GNU GPL'd, by Julian Seward et al.
==1665== Using Valgrind-3.18.1 and LibVEX; rerun with -h for copyright info
==1665== Command: build/memcheck/bin/strcmp_test
==1665== 
==1665== 
==1665== HEAP SUMMARY:
==1665==     in use at exit: 0 bytes in 0 blocks
==1665==   total heap usage: 124 allocs, 124 frees, 68,977 bytes allocated
==1665== 
==1665== All heap blocks were freed -- no leaks are possible
==1665== 
==1665== For lists of detected and suppressed errors, rerun with: -s
==1665== ERROR SUMMARY: 0 errors from 0 contexts (suppressed: 0 from 0)
 
==1690== Memcheck, a memory error detector
==1690== Copyright (C) 2002-2017, and GNU GPL'd, by Julian Seward et al.
==1690== Using Valgrind-3.18.1 and LibVEX; rerun with -h for copyright info
==1690== Command: build/memcheck/bin/strcpy_test
==1690== 
==1690== 
==1690== HEAP SUMMARY:
==1690==     in use at exit: 0 bytes in 0 blocks
==1690==   total heap usage: 158 allocs, 158 frees, 95,571 bytes allocated
==1690== 
==1690== All heap blocks were freed -- no leaks are possible
==1690== 
==1690== For lists of detected and suppressed errors, rerun with: -s
==1690== ERROR SUMMARY: 0 errors from 0 contexts (suppressed: 0 from 0)
 
==1715== Memcheck, a memory error detector
==1715== Copyright (C) 2002-2017, and GNU GPL'd, by Julian Seward et al.
==1715== Using Valgrind-3.18.1 and LibVEX; rerun with -h for copyright info
==1715== Command: build/memcheck/bin/strcspn_test
==1715== 
==1715== 
==1715== HEAP SUMMARY:
==1715==     in use at exit: 0 bytes in 0 blocks
==1715==   total heap usage: 124 allocs, 124 frees, 69,017 bytes allocated
==1715== 
==1715== All heap blocks were freed -- no leaks are possible
==1715== 
==1715== For lists of detected and suppressed errors, rerun with: -s
==1715== ERROR SUMMARY: 0 errors from 0 contexts (suppressed: 0 from 0)
 
==1740== Memcheck, a memory error detector
==1740== Copyright (C) 2002-2017, and GNU GPL'd, by Julian Seward et al.
==1740== Using Valgrind-3.18.1 and LibVEX; rerun with -h for copyright info
==1740== Command: build/memcheck/bin/strerror_test
==1740== 
==1740== 
==1740== HEAP SUMMARY:
==1740==     in use at exit: 18 bytes in 1 blocks
==1740==   total heap usage: 2,244 allocs, 2,243 frees, 1,827,552 bytes allocated
==1740== 
==1740== 18 bytes in 1 blocks are still reachable in loss record 1 of 1
==1740==    at 0x4865058: malloc (in /usr/libexec/valgrind/vgpreload_memcheck-arm64-linux.so)
==1740==    by 0x49C20EF: __vasprintf_internal (vasprintf.c:71)
==1740==    by 0x49A0C7F: asprintf (asprintf.c:31)
==1740==    by 0x49E7A87: strerror_l (strerror_l.c:45)
==1740==    by 0x10A44F: test_strerr_fn (strerror_test.c:11)
==1740==    by 0x10FCC7: tcase_run_tfun_nofork (in /usr/project/build/memcheck/bin/strerror_test)
==1740==    by 0x11020F: srunner_run_tagged (in /usr/project/build/memcheck/bin/strerror_test)
==1740==    by 0x10A5FB: main (strerror_test.c:23)
==1740== 
==1740== LEAK SUMMARY:
==1740==    definitely lost: 0 bytes in 0 blocks
==1740==    indirectly lost: 0 bytes in 0 blocks
==1740==      possibly lost: 0 bytes in 0 blocks
==1740==    still reachable: 18 bytes in 1 blocks
==1740==         suppressed: 0 bytes in 0 blocks
==1740== 
==1740== For lists of detected and suppressed errors, rerun with: -s
==1740== ERROR SUMMARY: 0 errors from 0 contexts (suppressed: 0 from 0)
 
==1765== Memcheck, a memory error detector
==1765== Copyright (C) 2002-2017, and GNU GPL'd, by Julian Seward et al.
==1765== Using Valgrind-3.18.1 and LibVEX; rerun with -h for copyright info
==1765== Command: build/memcheck/bin/strlen_test
==1765== 
==1765== 
==1765== HEAP SUMMARY:
==1765==     in use at exit: 0 bytes in 0 blocks
==1765==   total heap usage: 105 allocs, 105 frees, 55,552 bytes allocated
==1765== 
==1765== All heap blocks were freed -- no leaks are possible
==1765== 
==1765== For lists of detected and suppressed errors, rerun with: -s
==1765== ERROR SUMMARY: 0 errors from 0 contexts (suppressed: 0 from 0)
 
==1790== Memcheck, a memory error detector
==1790== Copyright (C) 2002-2017, and GNU GPL'd, by Julian Seward et al.
==1790== Using Valgrind-3.18.1 and LibVEX; rerun with -h for copyright info
==1790== Command: build/memcheck/bin/strncat_test
==1790== 
==1790== 
==1790== HEAP SUMMARY:
==1790==     in use at exit: 0 bytes in 0 blocks
==1790==   total heap usage: 88 allocs, 88 frees, 42,279 bytes allocated
==1790== 
==1790== All heap blocks were freed -- no leaks are possible
==1790== 
==1790== For lists of detected and suppressed errors, rerun with: -s
==1790== ERROR SUMMARY: 0 errors from 0 contexts (suppressed: 0 from 0)
 
==1815== Memcheck, a memory error detector
==1815== Copyright (C) 2002-2017, and GNU GPL'd, by Julian Seward et al.
==1815== Using Valgrind-3.18.1 and LibVEX; rerun with -h for copyright info
==1815== Command: build/memcheck/bin/strncmp_test
==1815== 
==1815== 
==1815== HEAP SUMMARY:
==1815==     in use at exit: 0 bytes in 0 blocks
==1815==   total heap usage: 168 allocs, 168 frees, 97,354 bytes allocated
==1815== 
==1815== All heap blocks were freed -- no leaks are possible
==1815== 
==1815== For lists of detected and suppressed errors, rerun with: -s
==1815== ERROR SUMMARY: 0 errors from 0 contexts (suppressed: 0 from 0)
 
==1840== Memcheck, a memory error detector
==1840== Copyright (C) 2002-2017, and GNU GPL'd, by Julian Seward et al.
==1840== Using Valgrind-3.18.1 and LibVEX; rerun with -h for copyright info
==1840== Command: build/memcheck/bin/strncpy_test
==1840== 
==1840== 
==1840== HEAP SUMMARY:
==1840==     in use at exit: 0 bytes in 0 blocks
==1840==   total heap usage: 124 allocs, 124 frees, 69,017 bytes allocated
==1840== 
==1840== All heap blocks were freed -- no leaks are possible
==1840== 
==1840== For lists of detected and suppressed errors, rerun with: -s
==1840== ERROR SUMMARY: 0 errors from 0 contexts (suppressed: 0 from 0)
 
==1866== Memcheck, a memory error detector
==1866== Copyright (C) 2002-2017, and GNU GPL'd, by Julian Seward et al.
==1866== Using Valgrind-3.18.1 and LibVEX; rerun with -h for copyright info
==1866== Command: build/memcheck/bin/strpbrk_test
==1866== 
==1866== 
==1866== HEAP SUMMARY:
==1866==     in use at exit: 0 bytes in 0 blocks
==1866==   total heap usage: 88 allocs, 88 frees, 42,279 bytes allocated
==1866== 
==1866== All heap blocks were freed -- no leaks are possible
==1866== 
==1866== For lists of detected and suppressed errors, rerun with: -s
==1866== ERROR SUMMARY: 0 errors from 0 contexts (suppressed: 0 from 0)
 
==1890== Memcheck, a memory error detector
==1890== Copyright (C) 2002-2017, and GNU GPL'd, by Julian Seward et al.
==1890== Using Valgrind-3.18.1 and LibVEX; rerun with -h for copyright info
==1890== Command: build/memcheck/bin/strrchr_test
==1890== 
==1890== 
==1890== HEAP SUMMARY:
==1890==     in use at exit: 0 bytes in 0 blocks
==1890==   total heap usage: 88 allocs, 88 frees, 42,279 bytes allocated
==1890== 
==1890== All heap blocks were freed -- no leaks are possible
==1890== 
==1890== For lists of detected and suppressed errors, rerun with: -s
==1890== ERROR SUMMARY: 0 errors from 0 contexts (suppressed: 0 from 0)
 
==1915== Memcheck, a memory error detector
==1915== Copyright (C) 2002-2017, and GNU GPL'd, by Julian Seward et al.
==1915== Using Valgrind-3.18.1 and LibVEX; rerun with -h for copyright info
==1915== Command: build/memcheck/bin/strspn_test
==1915== 
==1915== 
==1915== HEAP SUMMARY:
==1915==     in use at exit: 0 bytes in 0 blocks
==1915==   total heap usage: 124 allocs, 124 frees, 68,977 bytes allocated
==1915== 
==1915== All heap blocks were freed -- no leaks are possible
==1915== 
==1915== For lists of detected and suppressed errors, rerun with: -s
==1915== ERROR SUMMARY: 0 errors from 0 contexts (suppressed: 0 from 0)
 
==1940== Memcheck, a memory error detector
==1940== Copyright (C) 2002-2017, and GNU GPL'd, by Julian Seward et al.
==1940== Using Valgrind-3.18.1 and LibVEX; rerun with -h for copyright info
==1940== Command: build/memcheck/bin/strstr_test
==1940== 
==1940== 
==1940== HEAP SUMMARY:
==1940==     in use at exit: 0 bytes in 0 blocks
==1940==   total heap usage: 88 allocs, 88 frees, 42,255 bytes allocated
==1940== 
==1940== All heap blocks were freed -- no leaks are possible
==1940== 
==1940== For lists of detected and suppressed errors, rerun with: -s
==1940== ERROR SUMMARY: 0 errors from 0 contexts (suppressed: 0 from 0)
 
==1965== Memcheck, a memory error detector
==1965== Copyright (C) 2002-2017, and GNU GPL'd, by Julian Seward et al.
==1965== Using Valgrind-3.18.1 and LibVEX; rerun with -h for copyright info
==1965== Command: build/memcheck/bin/strtok_test
==1965== 
==1965== 
==1965== HEAP SUMMARY:
==1965==     in use at exit: 0 bytes in 0 blocks
==1965==   total heap usage: 113 allocs, 113 frees, 55,838 bytes allocated
==1965== 
==1965== All heap blocks were freed -- no leaks are possible
==1965== 
==1965== For lists of detected and suppressed errors, rerun with: -s
==1965== ERROR SUMMARY: 0 errors from 0 contexts (suppressed: 0 from 0)
 
==1990== Memcheck, a memory error detector
==1990== Copyright (C) 2002-2017, and GNU GPL'd, by Julian Seward et al.
==1990== Using Valgrind-3.18.1 and LibVEX; rerun with -h for copyright info
==1990== Command: build/memcheck/bin/to_lower_test
==1990== 
==1990== 
==1990== HEAP SUMMARY:
==1990==     in use at exit: 0 bytes in 0 blocks
==1990==   total heap usage: 109 allocs, 109 frees, 55,636 bytes allocated
==1990== 
==1990== All heap blocks were freed -- no leaks are possible
==1990== 
==1990== For lists of detected and suppressed errors, rerun with: -s
==1990== ERROR SUMMARY: 0 errors from 0 contexts (suppressed: 0 from 0)
 
==2015== Memcheck, a memory error detector
==2015== Copyright (C) 2002-2017, and GNU GPL'd, by Julian Seward et al.
==2015== Using Valgrind-3.18.1 and LibVEX; rerun with -h for copyright info
==2015== Command: build/memcheck/bin/to_upper_test
==2015== 
==2015== 
==2015== HEAP SUMMARY:
==2015==     in use at exit: 0 bytes in 0 blocks
==2015==   total heap usage: 164 allocs, 164 frees, 95,723 bytes allocated
==2015== 
==2015== All heap blocks were freed -- no leaks are possible
==2015== 
==2015== For lists of detected and suppressed errors, rerun with: -s
==2015== ERROR SUMMARY: 0 errors from 0 contexts (suppressed: 0 from 0)
 
==2040== Memcheck, a memory error detector
==2040== Copyright (C) 2002-2017, and GNU GPL'd, by Julian Seward et al.
==2040== Using Valgrind-3.18.1 and LibVEX; rerun with -h for copyright info
==2040== Command: build/memcheck/bin/trim_test
==2040== 
==2040== 
==2040== HEAP SUMMARY:
==2040==     in use at exit: 0 bytes in 0 blocks
==2040==   total heap usage: 147 allocs, 147 frees, 82,231 bytes allocated
==2040== 
==2040== All heap blocks were freed -- no leaks are possible
==2040== 
==2040== For lists of detected and suppressed errors, rerun with: -s
==2040== ERROR SUMMARY: 0 errors from 0 contexts (suppressed: 0 from 0)
 
